<?xml version="1.0" encoding="UTF-8"?>
<!-- Generated by org.testng.reporters.JUnitReportReporter -->
<testsuite skipped="0" hostname="DESKTOP-AAPC1F3" name="tests.AddLibraryTest" tests="1" failures="0" timestamp="03 Jul 2021 14:03:28 GMT" time="35.514" errors="0">
  <testcase name="userCanAddLibrary" time="35.514" classname="tests.AddLibraryTest"/>
</testsuite> <!-- tests.AddLibraryTest -->
